<?xml version="1.0" encoding="UTF-8" ?>
<testsuite tests="113" failures="0" name="nl.ing.cucumber.my_hotel_app.TestAll" time="0.027" errors="0" skipped="0">
  <properties>
[...]
</properties>
  <testcase classname="Scenario: Starting application" name="Given User opens the hotelapp" time="0.006"/>
  <testcase classname="Scenario: Starting application" name="Scenario: Starting application" time="0.007"/>
  <testcase classname="| atostestuser |  | Enter Password |" name="When User enters &quot;atostestuser&quot; in username field" time="0"/>
  <testcase classname="| atostestuser |  | Enter Password |" name="And User enters &quot;&quot; in password field" time="0"/>
  <testcase classname="| atostestuser |  | Enter Password |" name="And User clicks loginbutton" time="0"/>
  <testcase classname="| atostestuser |  | Enter Password |" name="Then Message &quot;Enter Password&quot; is displayed" time="0"/>
  <testcase classname="| atostestuser |  | Enter Password |" name="| atostestuser |  | Enter Password |" time="0.001"/>
  <testcase classname="|  | testuser | Enter Username |" name="When User enters &quot;&quot; in username field" time="0"/>
  <testcase classname="|  | testuser | Enter Username |" name="And User enters &quot;testuser&quot; in password field" time="0"/>
  <testcase classname="|  | testuser | Enter Username |" name="And User clicks loginbutton" time="0"/>
  <testcase classname="|  | testuser | Enter Username |" name="Then Message &quot;Enter Username&quot; is displayed" time="0"/>
  <testcase classname="|  | testuser | Enter Username |" name="|  | testuser | Enter Username |" time="0.001"/>
  <testcase classname="|  |  | Enter Username |" name="When User enters &quot;&quot; in username field" time="0"/>
  <testcase classname="|  |  | Enter Username |" name="And User enters &quot;&quot; in password field" time="0"/>
  <testcase classname="|  |  | Enter Username |" name="And User clicks loginbutton" time="0"/>
  <testcase classname="|  |  | Enter Username |" name="Then Message &quot;Enter Username&quot; is displayed" time="0"/>
  <testcase classname="|  |  | Enter Username |" name="|  |  | Enter Username |" time="0.001"/>
  <testcase classname="| wrong | testuser |" name="When User enters &quot;wrong&quot; in username field" time="0"/>
  <testcase classname="| wrong | testuser |" name="And User enters &quot;testuser&quot; in password field" time="0"/>
  <testcase classname="| wrong | testuser |" name="And User clicks loginbutton" time="0"/>
  <testcase classname="| wrong | testuser |" name="Then Invalid login is displayed" time="0"/>
  <testcase classname="| wrong | testuser |" name="| wrong | testuser |" time="0"/>
  <testcase classname="| atostestuser | wrong |" name="When User enters &quot;atostestuser&quot; in username field" time="0"/>
  <testcase classname="| atostestuser | wrong |" name="And User enters &quot;wrong&quot; in password field" time="0.001"/>
  <testcase classname="| atostestuser | wrong |" name="And User clicks loginbutton" time="0"/>
  <testcase classname="| atostestuser | wrong |" name="Then Invalid login is displayed" time="0"/>
  <testcase classname="| atostestuser | wrong |" name="| atostestuser | wrong |" time="0.001"/>
  <testcase classname="| wrong | wrong |" name="When User enters &quot;wrong&quot; in username field" time="0"/>
  <testcase classname="| wrong | wrong |" name="And User enters &quot;wrong&quot; in password field" time="0"/>
  <testcase classname="| wrong | wrong |" name="And User clicks loginbutton" time="0"/>
  <testcase classname="| wrong | wrong |" name="Then Invalid login is displayed" time="0"/>
  <testcase classname="| wrong | wrong |" name="| wrong | wrong |" time="0.001"/>
  <testcase classname="Scenario: Login with valid credentials" name="When User enters &quot;atostestuser&quot; in username field" time="0"/>
  <testcase classname="Scenario: Login with valid credentials" name="And User enters &quot;testuser&quot; in password field" time="0"/>
  <testcase classname="Scenario: Login with valid credentials" name="And User clicks loginbutton" time="0"/>
  <testcase classname="Scenario: Login with valid credentials" name="Then Welcome text for user &quot;atostestuser&quot; is displayed" time="0"/>
  <testcase classname="Scenario: Login with valid credentials" name="Scenario: Login with valid credentials" time="0.002"/>
  <testcase classname="Scenario: Successful LogOut" name="When User logouts from the application" time="0"/>
  <testcase classname="Scenario: Successful LogOut" name="Then Logout successfully is displayed" time="0"/>
  <testcase classname="Scenario: Successful LogOut" name="And User closes the hotelapp" time="0"/>
  <testcase classname="Scenario: Successful LogOut" name="Scenario: Successful LogOut" time="0"/>
  <testcase classname="Scenario: Starting application and successfull login" name="Given User opens the hotelapp" time="0"/>
  <testcase classname="Scenario: Starting application and successfull login" name="When User enters &quot;atostestuser&quot; in username field" time="0"/>
  <testcase classname="Scenario: Starting application and successfull login" name="And User enters &quot;testuser&quot; in password field" time="0"/>
  <testcase classname="Scenario: Starting application and successfull login" name="And User clicks loginbutton" time="0"/>
  <testcase classname="Scenario: Starting application and successfull login" name="Then Welcome text for user &quot;atostestuser&quot; is displayed" time="0"/>
  <testcase classname="Scenario: Starting application and successfull login" name="Scenario: Starting application and successfull login" time="0.001"/>
  <testcase classname="Scenario: The hotel application is active" name="Given The hotelapp is active" time="0"/>
  <testcase classname="Scenario: The hotel application is active" name="Scenario: The hotel application is active" time="0"/>
  <testcase classname="| Sydney | 4 |" name="Given User navigtes to the search page" time="0"/>
  <testcase classname="| Sydney | 4 |" name="When User selects &quot;Sydney&quot; as location" time="0"/>
  <testcase classname="| Sydney | 4 |" name="And User clicks the search button" time="0"/>
  <testcase classname="| Sydney | 4 |" name="Then A list of &quot;4&quot; available hotels for &quot;Sydney&quot; are displayed" time="0"/>
  <testcase classname="| Sydney | 4 |" name="| Sydney | 4 |" time="0"/>
  <testcase classname="| New York | 4 |" name="Given User navigtes to the search page" time="0"/>
  <testcase classname="| New York | 4 |" name="When User selects &quot;New York&quot; as location" time="0"/>
  <testcase classname="| New York | 4 |" name="And User clicks the search button" time="0"/>
  <testcase classname="| New York | 4 |" name="Then A list of &quot;4&quot; available hotels for &quot;New York&quot; are displayed" time="0"/>
  <testcase classname="| New York | 4 |" name="| New York | 4 |" time="0.001"/>
  <testcase classname="| London | 4 |" name="Given User navigtes to the search page" time="0.001"/>
  <testcase classname="| London | 4 |" name="When User selects &quot;London&quot; as location" time="0"/>
  <testcase classname="| London | 4 |" name="And User clicks the search button" time="0"/>
  <testcase classname="| London | 4 |" name="Then A list of &quot;4&quot; available hotels for &quot;London&quot; are displayed" time="0"/>
  <testcase classname="| London | 4 |" name="| London | 4 |" time="0"/>
  <testcase classname="| Paris | 4 |" name="Given User navigtes to the search page" time="0"/>
  <testcase classname="| Paris | 4 |" name="When User selects &quot;Paris&quot; as location" time="0"/>
  <testcase classname="| Paris | 4 |" name="And User clicks the search button" time="0"/>
  <testcase classname="| Paris | 4 |" name="Then A list of &quot;4&quot; available hotels for &quot;Paris&quot; are displayed" time="0"/>
  <testcase classname="| Paris | 4 |" name="| Paris | 4 |" time="0"/>
  <testcase classname="| Sydney | Hotel Cornice | Standard | 1 | 1 | 100 | 100 |" name="Given User navigtes to the search page" time="0"/>
  <testcase classname="| Sydney | Hotel Cornice | Standard | 1 | 1 | 100 | 100 |" name="When User selects &quot;Sydney&quot; as location" time="0"/>
  <testcase classname="| Sydney | Hotel Cornice | Standard | 1 | 1 | 100 | 100 |" name="And User selects &quot;Hotel Cornice&quot; as hotel" time="0"/>
  <testcase classname="| Sydney | Hotel Cornice | Standard | 1 | 1 | 100 | 100 |" name="And User select &quot;Standard&quot; as roomtype" time="0"/>
  <testcase classname="| Sydney | Hotel Cornice | Standard | 1 | 1 | 100 | 100 |" name="And User selects 1 rooms" time="0"/>
  <testcase classname="| Sydney | Hotel Cornice | Standard | 1 | 1 | 100 | 100 |" name="And User selects 1 days" time="0"/>
  <testcase classname="| Sydney | Hotel Cornice | Standard | 1 | 1 | 100 | 100 |" name="And User clicks the search button" time="0"/>
  <testcase classname="| Sydney | Hotel Cornice | Standard | 1 | 1 | 100 | 100 |" name="Then The price per night is &quot;100&quot;" time="0"/>
  <testcase classname="| Sydney | Hotel Cornice | Standard | 1 | 1 | 100 | 100 |" name="And The total price is &quot;100&quot;" time="0"/>
  <testcase classname="| Sydney | Hotel Cornice | Standard | 1 | 1 | 100 | 100 |" name="| Sydney | Hotel Cornice | Standard | 1 | 1 | 100 | 100 |" time="0"/>
  <testcase classname="| Sydney | Hotel Cornice | Standard | 2 | 1 | 100 | 200 |" name="Given User navigtes to the search page" time="0"/>
  <testcase classname="| Sydney | Hotel Cornice | Standard | 2 | 1 | 100 | 200 |" name="When User selects &quot;Sydney&quot; as location" time="0"/>
  <testcase classname="| Sydney | Hotel Cornice | Standard | 2 | 1 | 100 | 200 |" name="And User selects &quot;Hotel Cornice&quot; as hotel" time="0"/>
  <testcase classname="| Sydney | Hotel Cornice | Standard | 2 | 1 | 100 | 200 |" name="And User select &quot;Standard&quot; as roomtype" time="0"/>
  <testcase classname="| Sydney | Hotel Cornice | Standard | 2 | 1 | 100 | 200 |" name="And User selects 2 rooms" time="0"/>
  <testcase classname="| Sydney | Hotel Cornice | Standard | 2 | 1 | 100 | 200 |" name="And User selects 1 days" time="0"/>
  <testcase classname="| Sydney | Hotel Cornice | Standard | 2 | 1 | 100 | 200 |" name="And User clicks the search button" time="0"/>
  <testcase classname="| Sydney | Hotel Cornice | Standard | 2 | 1 | 100 | 200 |" name="Then The price per night is &quot;100&quot;" time="0"/>
  <testcase classname="| Sydney | Hotel Cornice | Standard | 2 | 1 | 100 | 200 |" name="And The total price is &quot;200&quot;" time="0"/>
  <testcase classname="| Sydney | Hotel Cornice | Standard | 2 | 1 | 100 | 200 |" name="| Sydney | Hotel Cornice | Standard | 2 | 1 | 100 | 200 |" time="0"/>
  <testcase classname="| Sydney | Hotel Cornice | Standard | 1 | 2 | 100 | 200 |" name="Given User navigtes to the search page" time="0"/>
  <testcase classname="| Sydney | Hotel Cornice | Standard | 1 | 2 | 100 | 200 |" name="When User selects &quot;Sydney&quot; as location" time="0"/>
  <testcase classname="| Sydney | Hotel Cornice | Standard | 1 | 2 | 100 | 200 |" name="And User selects &quot;Hotel Cornice&quot; as hotel" time="0"/>
  <testcase classname="| Sydney | Hotel Cornice | Standard | 1 | 2 | 100 | 200 |" name="And User select &quot;Standard&quot; as roomtype" time="0"/>
  <testcase classname="| Sydney | Hotel Cornice | Standard | 1 | 2 | 100 | 200 |" name="And User selects 1 rooms" time="0"/>
  <testcase classname="| Sydney | Hotel Cornice | Standard | 1 | 2 | 100 | 200 |" name="And User selects 2 days" time="0"/>
  <testcase classname="| Sydney | Hotel Cornice | Standard | 1 | 2 | 100 | 200 |" name="And User clicks the search button" time="0"/>
  <testcase classname="| Sydney | Hotel Cornice | Standard | 1 | 2 | 100 | 200 |" name="Then The price per night is &quot;100&quot;" time="0"/>
  <testcase classname="| Sydney | Hotel Cornice | Standard | 1 | 2 | 100 | 200 |" name="And The total price is &quot;200&quot;" time="0"/>
  <testcase classname="| Sydney | Hotel Cornice | Standard | 1 | 2 | 100 | 200 |" name="| Sydney | Hotel Cornice | Standard | 1 | 2 | 100 | 200 |" time="0.001"/>
  <testcase classname="| Sydney | Hotel Cornice | Standard | 2 | 2 | 100 | 400 |" name="Given User navigtes to the search page" time="0"/>
  <testcase classname="| Sydney | Hotel Cornice | Standard | 2 | 2 | 100 | 400 |" name="When User selects &quot;Sydney&quot; as location" time="0"/>
  <testcase classname="| Sydney | Hotel Cornice | Standard | 2 | 2 | 100 | 400 |" name="And User selects &quot;Hotel Cornice&quot; as hotel" time="0"/>
  <testcase classname="| Sydney | Hotel Cornice | Standard | 2 | 2 | 100 | 400 |" name="And User select &quot;Standard&quot; as roomtype" time="0"/>
  <testcase classname="| Sydney | Hotel Cornice | Standard | 2 | 2 | 100 | 400 |" name="And User selects 2 rooms" time="0"/>
  <testcase classname="| Sydney | Hotel Cornice | Standard | 2 | 2 | 100 | 400 |" name="And User selects 2 days" time="0"/>
  <testcase classname="| Sydney | Hotel Cornice | Standard | 2 | 2 | 100 | 400 |" name="And User clicks the search button" time="0"/>
  <testcase classname="| Sydney | Hotel Cornice | Standard | 2 | 2 | 100 | 400 |" name="Then The price per night is &quot;100&quot;" time="0.001"/>
  <testcase classname="| Sydney | Hotel Cornice | Standard | 2 | 2 | 100 | 400 |" name="And The total price is &quot;400&quot;" time="0"/>
  <testcase classname="| Sydney | Hotel Cornice | Standard | 2 | 2 | 100 | 400 |" name="| Sydney | Hotel Cornice | Standard | 2 | 2 | 100 | 400 |" time="0"/>
  <testcase classname="Scenario: Successful LogOut" name="When User logouts from the application" time="0"/>
  <testcase classname="Scenario: Successful LogOut" name="Then Logout successfully is displayed" time="0"/>
  <testcase classname="Scenario: Successful LogOut" name="And User closes the hotelapp" time="0"/>
  <testcase classname="Scenario: Successful LogOut" name="Scenario: Successful LogOut" time="0.001"/>
</testsuite>